Determining if the include file malloc/malloc.h exists failed with the following output:
Change Dir: /home/map2check/devel_tool/map_src_on_docker/dependencies/klee-build/CMakeFiles/CMakeTmp

Run Build Command:"/usr/bin/make" "cmTC_eb152/fast"
/usr/bin/make -f CMakeFiles/cmTC_eb152.dir/build.make CMakeFiles/cmTC_eb152.dir/build
make[1]: Entering directory '/home/map2check/devel_tool/map_src_on_docker/dependencies/klee-build/CMakeFiles/CMakeTmp'
Building CXX object CMakeFiles/cmTC_eb152.dir/CheckIncludeFile.cxx.o
/usr/bin/c++     -std=c++11 -Wall -Wextra -Wno-unused-parameter    -o CMakeFiles/cmTC_eb152.dir/CheckIncludeFile.cxx.o -c /home/map2check/devel_tool/map_src_on_docker/dependencies/klee-build/CMakeFiles/CMakeTmp/CheckIncludeFile.cxx
/home/map2check/devel_tool/map_src_on_docker/dependencies/klee-build/CMakeFiles/CMakeTmp/CheckIncludeFile.cxx:1:27: fatal error: malloc/malloc.h: No such file or directory
 #include <malloc/malloc.h>
                           ^
compilation terminated.
CMakeFiles/cmTC_eb152.dir/build.make:65: recipe for target 'CMakeFiles/cmTC_eb152.dir/CheckIncludeFile.cxx.o' failed
make[1]: *** [CMakeFiles/cmTC_eb152.dir/CheckIncludeFile.cxx.o] Error 1
make[1]: Leaving directory '/home/map2check/devel_tool/map_src_on_docker/dependencies/klee-build/CMakeFiles/CMakeTmp'
Makefile:126: recipe for target 'cmTC_eb152/fast' failed
make: *** [cmTC_eb152/fast] Error 2


Determining if the function malloc_zone_statistics exists failed with the following output:
Change Dir: /home/map2check/devel_tool/map_src_on_docker/dependencies/klee-build/CMakeFiles/CMakeTmp

Run Build Command:"/usr/bin/make" "cmTC_e1fb9/fast"
/usr/bin/make -f CMakeFiles/cmTC_e1fb9.dir/build.make CMakeFiles/cmTC_e1fb9.dir/build
make[1]: Entering directory '/home/map2check/devel_tool/map_src_on_docker/dependencies/klee-build/CMakeFiles/CMakeTmp'
Building C object CMakeFiles/cmTC_e1fb9.dir/CheckFunctionExists.c.o
/usr/bin/cc    -Wall -Wextra -Wno-unused-parameter -DCHECK_FUNCTION_EXISTS=malloc_zone_statistics   -o CMakeFiles/cmTC_e1fb9.dir/CheckFunctionExists.c.o   -c /usr/share/cmake-3.5/Modules/CheckFunctionExists.c
Linking C executable cmTC_e1fb9
/usr/bin/cmake -E cmake_link_script CMakeFiles/cmTC_e1fb9.dir/link.txt --verbose=1
/usr/bin/cc   -Wall -Wextra -Wno-unused-parameter -DCHECK_FUNCTION_EXISTS=malloc_zone_statistics    CMakeFiles/cmTC_e1fb9.dir/CheckFunctionExists.c.o  -o cmTC_e1fb9 -rdynamic 
CMakeFiles/cmTC_e1fb9.dir/CheckFunctionExists.c.o: In function `main':
CheckFunctionExists.c:(.text+0x15): undefined reference to `malloc_zone_statistics'
collect2: error: ld returned 1 exit status
CMakeFiles/cmTC_e1fb9.dir/build.make:97: recipe for target 'cmTC_e1fb9' failed
make[1]: *** [cmTC_e1fb9] Error 1
make[1]: Leaving directory '/home/map2check/devel_tool/map_src_on_docker/dependencies/klee-build/CMakeFiles/CMakeTmp'
Makefile:126: recipe for target 'cmTC_e1fb9/fast' failed
make: *** [cmTC_e1fb9/fast] Error 2


Determining if the include file selinux/selinux.h exists failed with the following output:
Change Dir: /home/map2check/devel_tool/map_src_on_docker/dependencies/klee-build/CMakeFiles/CMakeTmp

Run Build Command:"/usr/bin/make" "cmTC_268c0/fast"
/usr/bin/make -f CMakeFiles/cmTC_268c0.dir/build.make CMakeFiles/cmTC_268c0.dir/build
make[1]: Entering directory '/home/map2check/devel_tool/map_src_on_docker/dependencies/klee-build/CMakeFiles/CMakeTmp'
Building C object CMakeFiles/cmTC_268c0.dir/CheckIncludeFile.c.o
/usr/bin/cc    -Wall -Wextra -Wno-unused-parameter    -o CMakeFiles/cmTC_268c0.dir/CheckIncludeFile.c.o   -c /home/map2check/devel_tool/map_src_on_docker/dependencies/klee-build/CMakeFiles/CMakeTmp/CheckIncludeFile.c
/home/map2check/devel_tool/map_src_on_docker/dependencies/klee-build/CMakeFiles/CMakeTmp/CheckIncludeFile.c:1:29: fatal error: selinux/selinux.h: No such file or directory
 #include <selinux/selinux.h>
                             ^
compilation terminated.
CMakeFiles/cmTC_268c0.dir/build.make:65: recipe for target 'CMakeFiles/cmTC_268c0.dir/CheckIncludeFile.c.o' failed
make[1]: *** [CMakeFiles/cmTC_268c0.dir/CheckIncludeFile.c.o] Error 1
make[1]: Leaving directory '/home/map2check/devel_tool/map_src_on_docker/dependencies/klee-build/CMakeFiles/CMakeTmp'
Makefile:126: recipe for target 'cmTC_268c0/fast' failed
make: *** [cmTC_268c0/fast] Error 2


Determining if the include file sys/acl.h exists failed with the following output:
Change Dir: /home/map2check/devel_tool/map_src_on_docker/dependencies/klee-build/CMakeFiles/CMakeTmp

Run Build Command:"/usr/bin/make" "cmTC_e3264/fast"
/usr/bin/make -f CMakeFiles/cmTC_e3264.dir/build.make CMakeFiles/cmTC_e3264.dir/build
make[1]: Entering directory '/home/map2check/devel_tool/map_src_on_docker/dependencies/klee-build/CMakeFiles/CMakeTmp'
Building C object CMakeFiles/cmTC_e3264.dir/CheckIncludeFile.c.o
/usr/bin/cc    -Wall -Wextra -Wno-unused-parameter    -o CMakeFiles/cmTC_e3264.dir/CheckIncludeFile.c.o   -c /home/map2check/devel_tool/map_src_on_docker/dependencies/klee-build/CMakeFiles/CMakeTmp/CheckIncludeFile.c
/home/map2check/devel_tool/map_src_on_docker/dependencies/klee-build/CMakeFiles/CMakeTmp/CheckIncludeFile.c:1:21: fatal error: sys/acl.h: No such file or directory
 #include <sys/acl.h>
                     ^
compilation terminated.
CMakeFiles/cmTC_e3264.dir/build.make:65: recipe for target 'CMakeFiles/cmTC_e3264.dir/CheckIncludeFile.c.o' failed
make[1]: *** [CMakeFiles/cmTC_e3264.dir/CheckIncludeFile.c.o] Error 1
make[1]: Leaving directory '/home/map2check/devel_tool/map_src_on_docker/dependencies/klee-build/CMakeFiles/CMakeTmp'
Makefile:126: recipe for target 'cmTC_e3264/fast' failed
make: *** [cmTC_e3264/fast] Error 2


